<?xml version="1.0" encoding="UTF-8"?>
<!-- Generated by org.testng.reporters.JUnitXMLReporter -->
<testsuite ignored="0" hostname="DESKTOP-H2GFKVK" failures="0" tests="4" name="Default test" time="84.242" errors="0" timestamp="2023-08-02T19:14:29 EDT">
  <testcase classname="testlayer.LoginTest" name="Title" time="0.028"/>
  <testcase classname="testlayer.LoginTest" name="Login" time="8.07"/>
  <testcase classname="testlayer.LoginTest" name="Login" time="7.998"/>
  <testcase classname="testlayer.LoginTest" name="Login" time="8.266"/>
</testsuite> <!-- Default test -->
