<?xml version="1.0" encoding="UTF-8"?>
<testng-results ignored="0" total="4" passed="4" failed="0" skipped="0">
  <reporter-output>
  </reporter-output>
  <suite started-at="2023-08-02T19:33:12 EDT" name="Amazon" finished-at="2023-08-02T19:34:41 EDT" duration-ms="88771">
    <groups>
    </groups>
    <test started-at="2023-08-02T19:33:12 EDT" name="TestNG" finished-at="2023-08-02T19:34:41 EDT" duration-ms="88771">
      <class name="testlayer.LoginTest">
        <test-method is-config="true" signature="initsetup()[pri:0, instance:testlayer.LoginTest@557caf28]" started-at="2023-08-02T19:33:12 EDT" name="initsetup" finished-at="2023-08-02T19:33:27 EDT" duration-ms="14699" status="PASS">
          <reporter-output>
          </reporter-output>
        </test-method> <!-- initsetup -->
        <test-method signature="Title()[pri:1, instance:testlayer.LoginTest@557caf28]" started-at="2023-08-02T19:33:27 EDT" name="Title" finished-at="2023-08-02T19:33:27 EDT" duration-ms="31" status="PASS">
          <reporter-output>
          </reporter-output>
        </test-method> <!-- Title -->
        <test-method is-config="true" signature="close()[pri:0, instance:testlayer.LoginTest@557caf28]" started-at="2023-08-02T19:33:27 EDT" name="close" finished-at="2023-08-02T19:33:28 EDT" duration-ms="1409" status="PASS">
          <reporter-output>
          </reporter-output>
        </test-method> <!-- close -->
        <test-method is-config="true" signature="initsetup()[pri:0, instance:testlayer.LoginTest@557caf28]" started-at="2023-08-02T19:33:30 EDT" name="initsetup" finished-at="2023-08-02T19:33:45 EDT" duration-ms="14838" status="PASS">
          <reporter-output>
          </reporter-output>
        </test-method> <!-- initsetup -->
        <test-method signature="Login(java.lang.String,java.lang.String)[pri:2, instance:testlayer.LoginTest@557caf28]" started-at="2023-08-02T19:33:45 EDT" name="Login" data-provider="Details" finished-at="2023-08-02T19:33:56 EDT" duration-ms="11072" status="PASS">
          <params>
            <param index="0">
              <value>
                <![CDATA[mehesarepooja18@gmail.com]]>
              </value>
            </param>
            <param index="1">
              <value is-null="true"/>
            </param>
          </params>
          <reporter-output>
          </reporter-output>
        </test-method> <!-- Login -->
        <test-method is-config="true" signature="close()[pri:0, instance:testlayer.LoginTest@557caf28]" started-at="2023-08-02T19:33:56 EDT" name="close" finished-at="2023-08-02T19:33:56 EDT" duration-ms="443" status="PASS">
          <reporter-output>
          </reporter-output>
        </test-method> <!-- close -->
        <test-method is-config="true" signature="initsetup()[pri:0, instance:testlayer.LoginTest@557caf28]" started-at="2023-08-02T19:33:56 EDT" name="initsetup" finished-at="2023-08-02T19:34:09 EDT" duration-ms="12551" status="PASS">
          <reporter-output>
          </reporter-output>
        </test-method> <!-- initsetup -->
        <test-method signature="Login(java.lang.String,java.lang.String)[pri:2, instance:testlayer.LoginTest@557caf28]" started-at="2023-08-02T19:34:09 EDT" name="Login" data-provider="Details" finished-at="2023-08-02T19:34:18 EDT" duration-ms="9610" status="PASS">
          <params>
            <param index="0">
              <value>
                <![CDATA[]]>
              </value>
            </param>
            <param index="1">
              <value is-null="true"/>
            </param>
          </params>
          <reporter-output>
          </reporter-output>
        </test-method> <!-- Login -->
        <test-method is-config="true" signature="close()[pri:0, instance:testlayer.LoginTest@557caf28]" started-at="2023-08-02T19:34:18 EDT" name="close" finished-at="2023-08-02T19:34:19 EDT" duration-ms="455" status="PASS">
          <reporter-output>
          </reporter-output>
        </test-method> <!-- close -->
        <test-method is-config="true" signature="initsetup()[pri:0, instance:testlayer.LoginTest@557caf28]" started-at="2023-08-02T19:34:19 EDT" name="initsetup" finished-at="2023-08-02T19:34:32 EDT" duration-ms="13524" status="PASS">
          <reporter-output>
          </reporter-output>
        </test-method> <!-- initsetup -->
        <test-method signature="Login(java.lang.String,java.lang.String)[pri:2, instance:testlayer.LoginTest@557caf28]" started-at="2023-08-02T19:34:32 EDT" name="Login" data-provider="Details" finished-at="2023-08-02T19:34:40 EDT" duration-ms="8023" status="PASS">
          <params>
            <param index="0">
              <value>
                <![CDATA[]]>
              </value>
            </param>
            <param index="1">
              <value is-null="true"/>
            </param>
          </params>
          <reporter-output>
          </reporter-output>
        </test-method> <!-- Login -->
        <test-method is-config="true" signature="close()[pri:0, instance:testlayer.LoginTest@557caf28]" started-at="2023-08-02T19:34:40 EDT" name="close" finished-at="2023-08-02T19:34:41 EDT" duration-ms="554" status="PASS">
          <reporter-output>
          </reporter-output>
        </test-method> <!-- close -->
      </class> <!-- testlayer.LoginTest -->
    </test> <!-- TestNG -->
  </suite> <!-- Amazon -->
</testng-results>
