<?xml version="1.0" encoding="UTF-8"?>
<!-- Generated by org.testng.reporters.JUnitXMLReporter -->
<testsuite ignored="0" hostname="DESKTOP-H2GFKVK" failures="0" tests="4" name="TestNG" time="88.771" errors="0" timestamp="2023-08-02T19:34:41 EDT">
  <testcase classname="testlayer.LoginTest" name="Title" time="0.031"/>
  <testcase classname="testlayer.LoginTest" name="Login" time="11.072"/>
  <testcase classname="testlayer.LoginTest" name="Login" time="9.61"/>
  <testcase classname="testlayer.LoginTest" name="Login" time="8.023"/>
</testsuite> <!-- TestNG -->
